<?xml version="1.0" encoding="UTF-8"?>
<!-- Generated by org.testng.reporters.JUnitReportReporter -->
<testsuite hostname="LAPTOP-3AR9S4LI" name="conns.test" tests="1" failures="0" timestamp="10 Aug 2019 13:18:43 GMT" time="14.140" errors="0">
  <testcase name="main" time="14.140" classname="conns.test"/>
</testsuite>
