<?xml version="1.0" encoding="UTF-8"?>
<!-- Generated by org.testng.reporters.JUnitReportReporter -->
<testsuite hostname="LAPTOP-3AR9S4LI" name="tests.TestBase" tests="1" failures="0" timestamp="11 Aug 2019 08:03:26 GMT" time="10.504" errors="0">
  <testcase name="main" time="10.504" classname="tests.TestBase"/>
</testsuite>
