<?xml version="1.0" encoding="UTF-8"?>
<!-- Generated by org.testng.reporters.JUnitReportReporter -->
<testsuite name="testmaven.maventest" tests="1" time="6.461" ignored="0" failures="0" timestamp="03 Aug 2019 21:54:45 GMT" skipped="0" hostname="LAPTOP-3AR9S4LI" errors="0">
  <testcase name="openMyBlog" time="6.461" classname="testmaven.maventest"/>
</testsuite> <!-- testmaven.maventest -->
